F:\BLOG PROJECTS\GLFWENGINE\GLFWENGINE\GLFWENGINE\DEBUG\CENGINE.OBJ
F:\BLOG PROJECTS\GLFWENGINE\GLFWENGINE\GLFWENGINE\DEBUG\MAIN.OBJ
F:\BLOG PROJECTS\GLFWENGINE\GLFWENGINE\GLFWENGINE\DEBUG\EXAMPLEDEMO.OBJ
F:\BLOG PROJECTS\GLFWENGINE\GLFWENGINE\GLFWENGINE\DEBUG\VC110.PDB
F:\BLOG PROJECTS\GLFWENGINE\GLFWENGINE\DEBUG\GLFWDEMOENGINE.ILK
F:\BLOG PROJECTS\GLFWENGINE\GLFWENGINE\DEBUG\GLFWDEMOENGINE.EXE
F:\BLOG PROJECTS\GLFWENGINE\GLFWENGINE\DEBUG\GLFWDEMOENGINE.PDB
F:\Blog PRojects\GLFWEngine\GLFWEngine\GLFWEngine\Debug\CEngine.obj
F:\Blog PRojects\GLFWEngine\GLFWEngine\GLFWEngine\Debug\ExampleDemo.obj
F:\Blog PRojects\GLFWEngine\GLFWEngine\GLFWEngine\Debug\main.obj
F:\Blog PRojects\GLFWEngine\GLFWEngine\GLFWEngine\Debug\cl.command.1.tlog
F:\Blog PRojects\GLFWEngine\GLFWEngine\GLFWEngine\Debug\CL.read.1.tlog
F:\Blog PRojects\GLFWEngine\GLFWEngine\GLFWEngine\Debug\CL.write.1.tlog
F:\Blog PRojects\GLFWEngine\GLFWEngine\GLFWEngine\Debug\link-cvtres.read.1.tlog
F:\Blog PRojects\GLFWEngine\GLFWEngine\GLFWEngine\Debug\link-cvtres.write.1.tlog
F:\Blog PRojects\GLFWEngine\GLFWEngine\GLFWEngine\Debug\link-rc.read.1.tlog
F:\Blog PRojects\GLFWEngine\GLFWEngine\GLFWEngine\Debug\link-rc.write.1.tlog
F:\Blog PRojects\GLFWEngine\GLFWEngine\GLFWEngine\Debug\link.command.1.tlog
F:\Blog PRojects\GLFWEngine\GLFWEngine\GLFWEngine\Debug\link.read.1.tlog
F:\Blog PRojects\GLFWEngine\GLFWEngine\GLFWEngine\Debug\link.write.1.tlog
F:\Blog PRojects\GLFWEngine\GLFWEngine\GLFWEngine\Debug\vc110.idb
F:\Blog PRojects\GLFWEngine\GLFWEngine\GLFWEngine\Debug\vc110.pdb
F:\Blog PRojects\GLFWEngine\GLFWEngine\Debug\GLFWDemoEngine.pdb
F:\Blog PRojects\GLFWEngine\GLFWEngine\Debug\GLFWDemoEngine.exe
F:\Blog PRojects\GLFWEngine\GLFWEngine\Debug\GLFWDemoEngine.ilk
