Build started 11/18/2013 9:43:30 PM.
     1>Project "F:\Blog PRojects\GLFWEngine\Project1\Project1\Project1.vcxproj" on node 2 (Build target(s)).
     1>ClCompile:
         C:\Program Files (x86)\Microsoft Visual Studio 11.0\VC\bin\CL.exe /c /ZI /nologo /W3 /WX- /sdl /Od /Oy- /D _MBCS /Gm /EHsc /RTC1 /MDd /GS /fp:precise /Zc:wchar_t /Zc:forScope /Fo"Debug\\" /Fd"Debug\vc110.pdb" /Gd /TP /analyze- /errorReport:prompt ExampleDemo.cpp main.cpp
         ExampleDemo.cpp
     1>f:\blog projects\glfwengine\project1\project1\exampledemo.cpp(36): warning C4305: 'argument' : truncation from 'double' to 'GLclampf'
     1>f:\blog projects\glfwengine\project1\project1\exampledemo.cpp(122): error C2079: 'vsShaderStream' uses undefined class 'std::basic_ifstream<_Elem,_Traits>'
                 with
                 [
                     _Elem=char,
                     _Traits=std::char_traits<char>
                 ]
     1>f:\blog projects\glfwengine\project1\project1\exampledemo.cpp(122): error C2078: too many initializers
         Generating Code...
         Compiling...
         main.cpp
         Generating Code...
     1>Done Building Project "F:\Blog PRojects\GLFWEngine\Project1\Project1\Project1.vcxproj" (Build target(s)) -- FAILED.

Build FAILED.

Time Elapsed 00:00:02.41
